# JRE version: Java(TM) SE Runtime Environment (13.0.1+9) (build 13.0.1+9)
# Java VM: Java HotSpot(TM) 64-Bit Server VM (13.0.1+9, mixed mode, sharing, tiered, compressed oops, g1 gc, windows-amd64)
Heap:
 garbage-first heap   total 73728K, used 41384K [0x00000000c2e00000, 0x0000000100000000)
  region size 1024K, 4 young (4096K), 2 survivors (2048K)
 Metaspace       used 9033K, capacity 9373K, committed 9600K, reserved 1058816K
  class space    used 1015K, capacity 1141K, committed 1152K, reserved 1048576K
GC Heap History (8 events):
Event: 208.450 GC heap before
{Heap before GC invocations=0 (full 0):
 garbage-first heap   total 63488K, used 31744K [0x00000000c2e00000, 0x0000000100000000)
  region size 1024K, 24 young (24576K), 0 survivors (0K)
 Metaspace       used 8820K, capacity 9117K, committed 9344K, reserved 1056768K
  class space    used 1015K, capacity 1141K, committed 1152K, reserved 1048576K
}
Event: 208.460 GC heap after
{Heap after GC invocations=1 (full 0):
 garbage-first heap   total 63488K, used 17894K [0x00000000c2e00000, 0x0000000100000000)
  region size 1024K, 3 young (3072K), 3 survivors (3072K)
 Metaspace       used 8820K, capacity 9117K, committed 9344K, reserved 1056768K
  class space    used 1015K, capacity 1141K, committed 1152K, reserved 1048576K
}
Event: 210.951 GC heap before
{Heap before GC invocations=1 (full 0):
 garbage-first heap   total 63488K, used 27110K [0x00000000c2e00000, 0x0000000100000000)
  region size 1024K, 13 young (13312K), 3 survivors (3072K)
 Metaspace       used 8894K, capacity 9181K, committed 9344K, reserved 1056768K
  class space    used 1015K, capacity 1141K, committed 1152K, reserved 1048576K
}
Event: 210.954 GC heap after
{Heap after GC invocations=2 (full 0):
 garbage-first heap   total 63488K, used 26018K [0x00000000c2e00000, 0x0000000100000000)
  region size 1024K, 2 young (2048K), 2 survivors (2048K)
 Metaspace       used 8894K, capacity 9181K, committed 9344K, reserved 1056768K
  class space    used 1015K, capacity 1141K, committed 1152K, reserved 1048576K
}
Event: 213.446 GC heap before
{Heap before GC invocations=2 (full 0):
 garbage-first heap   total 63488K, used 34210K [0x00000000c2e00000, 0x0000000100000000)
  region size 1024K, 11 young (11264K), 2 survivors (2048K)
 Metaspace       used 9011K, capacity 9309K, committed 9344K, reserved 1056768K
  class space    used 1015K, capacity 1141K, committed 1152K, reserved 1048576K
}
Event: 213.450 GC heap after
{Heap after GC invocations=3 (full 0):
 garbage-first heap   total 63488K, used 34610K [0x00000000c2e00000, 0x0000000100000000)
  region size 1024K, 2 young (2048K), 2 survivors (2048K)
 Metaspace       used 9011K, capacity 9309K, committed 9344K, reserved 1056768K
  class space    used 1015K, capacity 1141K, committed 1152K, reserved 1048576K
}
Event: 214.949 GC heap before
{Heap before GC invocations=3 (full 0):
 garbage-first heap   total 63488K, used 40754K [0x00000000c2e00000, 0x0000000100000000)
  region size 1024K, 9 young (9216K), 2 survivors (2048K)
 Metaspace       used 9033K, capacity 9373K, committed 9600K, reserved 1058816K
  class space    used 1015K, capacity 1141K, committed 1152K, reserved 1048576K
}
Event: 214.952 GC heap after
{Heap after GC invocations=4 (full 0):
 garbage-first heap   total 63488K, used 41384K [0x00000000c2e00000, 0x0000000100000000)
  region size 1024K, 2 young (2048K), 2 survivors (2048K)
 Metaspace       used 9033K, capacity 9373K, committed 9600K, reserved 1058816K
  class space    used 1015K, capacity 1141K, committed 1152K, reserved 1048576K
}

