# JRE version: Java(TM) SE Runtime Environment (13.0.1+9) (build 13.0.1+9)
# Java VM: Java HotSpot(TM) 64-Bit Server VM (13.0.1+9, mixed mode, sharing, tiered, compressed oops, g1 gc, windows-amd64)
Heap:
 garbage-first heap   total 94208K, used 67986K [0x00000000c2e00000, 0x0000000100000000)
  region size 1024K, 6 young (6144K), 1 survivors (1024K)
 Metaspace       used 9210K, capacity 9501K, committed 9600K, reserved 1058816K
  class space    used 1015K, capacity 1141K, committed 1152K, reserved 1048576K
GC Heap History (20 events):
Event: 41.173 GC heap before
{Heap before GC invocations=0 (full 0):
 garbage-first heap   total 63488K, used 31744K [0x00000000c2e00000, 0x0000000100000000)
  region size 1024K, 24 young (24576K), 0 survivors (0K)
 Metaspace       used 8746K, capacity 9053K, committed 9088K, reserved 1056768K
  class space    used 1015K, capacity 1141K, committed 1152K, reserved 1048576K
}
Event: 41.178 GC heap after
{Heap after GC invocations=1 (full 0):
 garbage-first heap   total 63488K, used 18464K [0x00000000c2e00000, 0x0000000100000000)
  region size 1024K, 3 young (3072K), 3 survivors (3072K)
 Metaspace       used 8746K, capacity 9053K, committed 9088K, reserved 1056768K
  class space    used 1015K, capacity 1141K, committed 1152K, reserved 1048576K
}
Event: 44.665 GC heap before
{Heap before GC invocations=1 (full 0):
 garbage-first heap   total 63488K, used 29728K [0x00000000c2e00000, 0x0000000100000000)
  region size 1024K, 15 young (15360K), 3 survivors (3072K)
 Metaspace       used 8827K, capacity 9117K, committed 9344K, reserved 1056768K
  class space    used 1015K, capacity 1141K, committed 1152K, reserved 1048576K
}
Event: 44.668 GC heap after
{Heap after GC invocations=2 (full 0):
 garbage-first heap   total 63488K, used 29090K [0x00000000c2e00000, 0x0000000100000000)
  region size 1024K, 2 young (2048K), 2 survivors (2048K)
 Metaspace       used 8827K, capacity 9117K, committed 9344K, reserved 1056768K
  class space    used 1015K, capacity 1141K, committed 1152K, reserved 1048576K
}
Event: 46.670 GC heap before
{Heap before GC invocations=2 (full 0):
 garbage-first heap   total 63488K, used 36258K [0x00000000c2e00000, 0x0000000100000000)
  region size 1024K, 10 young (10240K), 2 survivors (2048K)
 Metaspace       used 8852K, capacity 9181K, committed 9344K, reserved 1056768K
  class space    used 1015K, capacity 1141K, committed 1152K, reserved 1048576K
}
Event: 46.672 GC heap after
{Heap after GC invocations=3 (full 0):
 garbage-first heap   total 63488K, used 37264K [0x00000000c2e00000, 0x0000000100000000)
  region size 1024K, 2 young (2048K), 2 survivors (2048K)
 Metaspace       used 8852K, capacity 9181K, committed 9344K, reserved 1056768K
  class space    used 1015K, capacity 1141K, committed 1152K, reserved 1048576K
}
Event: 48.178 GC heap before
{Heap before GC invocations=3 (full 0):
 garbage-first heap   total 63488K, used 42384K [0x00000000c2e00000, 0x0000000100000000)
  region size 1024K, 8 young (8192K), 2 survivors (2048K)
 Metaspace       used 8891K, capacity 9181K, committed 9344K, reserved 1056768K
  class space    used 1015K, capacity 1141K, committed 1152K, reserved 1048576K
}
Event: 48.180 GC heap after
{Heap after GC invocations=4 (full 0):
 garbage-first heap   total 63488K, used 43459K [0x00000000c2e00000, 0x0000000100000000)
  region size 1024K, 1 young (1024K), 1 survivors (1024K)
 Metaspace       used 8891K, capacity 9181K, committed 9344K, reserved 1056768K
  class space    used 1015K, capacity 1141K, committed 1152K, reserved 1048576K
}
Event: 49.663 GC heap before
{Heap before GC invocations=5 (full 0):
 garbage-first heap   total 75776K, used 46531K [0x00000000c2e00000, 0x0000000100000000)
  region size 1024K, 5 young (5120K), 1 survivors (1024K)
 Metaspace       used 8895K, capacity 9181K, committed 9344K, reserved 1056768K
  class space    used 1015K, capacity 1141K, committed 1152K, reserved 1048576K
}
Event: 49.665 GC heap after
{Heap after GC invocations=6 (full 0):
 garbage-first heap   total 75776K, used 47536K [0x00000000c2e00000, 0x0000000100000000)
  region size 1024K, 1 young (1024K), 1 survivors (1024K)
 Metaspace       used 8895K, capacity 9181K, committed 9344K, reserved 1056768K
  class space    used 1015K, capacity 1141K, committed 1152K, reserved 1048576K
}
Event: 50.170 GC heap before
{Heap before GC invocations=6 (full 0):
 garbage-first heap   total 75776K, used 48560K [0x00000000c2e00000, 0x0000000100000000)
  region size 1024K, 3 young (3072K), 1 survivors (1024K)
 Metaspace       used 8895K, capacity 9181K, committed 9344K, reserved 1056768K
  class space    used 1015K, capacity 1141K, committed 1152K, reserved 1048576K
}
Event: 50.173 GC heap after
{Heap after GC invocations=7 (full 0):
 garbage-first heap   total 75776K, used 48940K [0x00000000c2e00000, 0x0000000100000000)
  region size 1024K, 1 young (1024K), 1 survivors (1024K)
 Metaspace       used 8895K, capacity 9181K, committed 9344K, reserved 1056768K
  class space    used 1015K, capacity 1141K, committed 1152K, reserved 1048576K
}
Event: 52.171 GC heap before
{Heap before GC invocations=7 (full 0):
 garbage-first heap   total 75776K, used 54060K [0x00000000c2e00000, 0x0000000100000000)
  region size 1024K, 7 young (7168K), 1 survivors (1024K)
 Metaspace       used 8929K, capacity 9245K, committed 9344K, reserved 1056768K
  class space    used 1015K, capacity 1141K, committed 1152K, reserved 1048576K
}
Event: 52.173 GC heap after
{Heap after GC invocations=8 (full 0):
 garbage-first heap   total 75776K, used 55088K [0x00000000c2e00000, 0x0000000100000000)
  region size 1024K, 1 young (1024K), 1 survivors (1024K)
 Metaspace       used 8929K, capacity 9245K, committed 9344K, reserved 1056768K
  class space    used 1015K, capacity 1141K, committed 1152K, reserved 1048576K
}
Event: 53.164 GC heap before
{Heap before GC invocations=9 (full 0):
 garbage-first heap   total 94208K, used 58160K [0x00000000c2e00000, 0x0000000100000000)
  region size 1024K, 5 young (5120K), 1 survivors (1024K)
 Metaspace       used 8929K, capacity 9245K, committed 9344K, reserved 1056768K
  class space    used 1015K, capacity 1141K, committed 1152K, reserved 1048576K
}
Event: 53.166 GC heap after
{Heap after GC invocations=10 (full 0):
 garbage-first heap   total 94208K, used 59194K [0x00000000c2e00000, 0x0000000100000000)
  region size 1024K, 1 young (1024K), 1 survivors (1024K)
 Metaspace       used 8929K, capacity 9245K, committed 9344K, reserved 1056768K
  class space    used 1015K, capacity 1141K, committed 1152K, reserved 1048576K
}
Event: 53.673 GC heap before
{Heap before GC invocations=10 (full 0):
 garbage-first heap   total 94208K, used 61242K [0x00000000c2e00000, 0x0000000100000000)
  region size 1024K, 4 young (4096K), 1 survivors (1024K)
 Metaspace       used 8931K, capacity 9245K, committed 9344K, reserved 1056768K
  class space    used 1015K, capacity 1141K, committed 1152K, reserved 1048576K
}
Event: 53.676 GC heap after
{Heap after GC invocations=11 (full 0):
 garbage-first heap   total 94208K, used 62192K [0x00000000c2e00000, 0x0000000100000000)
  region size 1024K, 1 young (1024K), 1 survivors (1024K)
 Metaspace       used 8931K, capacity 9245K, committed 9344K, reserved 1056768K
  class space    used 1015K, capacity 1141K, committed 1152K, reserved 1048576K
}
Event: 54.664 GC heap before
{Heap before GC invocations=11 (full 0):
 garbage-first heap   total 94208K, used 64240K [0x00000000c2e00000, 0x0000000100000000)
  region size 1024K, 4 young (4096K), 1 survivors (1024K)
 Metaspace       used 8943K, capacity 9245K, committed 9344K, reserved 1056768K
  class space    used 1015K, capacity 1141K, committed 1152K, reserved 1048576K
}
Event: 54.668 GC heap after
{Heap after GC invocations=12 (full 0):
 garbage-first heap   total 94208K, used 64914K [0x00000000c2e00000, 0x0000000100000000)
  region size 1024K, 1 young (1024K), 1 survivors (1024K)
 Metaspace       used 8943K, capacity 9245K, committed 9344K, reserved 1056768K
  class space    used 1015K, capacity 1141K, committed 1152K, reserved 1048576K
}

